<?xml version="1.0" encoding="UTF-8"?>
<!-- Generated by org.testng.reporters.JUnitReportReporter -->
<testsuite name="org.datadriven.TestClass" tests="2" time="31.887" ignored="0" failures="0" timestamp="20 Jan 2022 13:12:27 GMT" skipped="0" hostname="LAPTOP-F0RLLNS7" errors="0">
  <testcase name="a1" time="20.317" classname="org.datadriven.TestClass"/>
  <testcase name="a1" time="11.570" classname="org.datadriven.TestClass"/>
</testsuite> <!-- org.datadriven.TestClass -->
