<?xml version="1.0" encoding="UTF-8"?>
<!-- Generated by org.testng.reporters.JUnitReportReporter -->
<testsuite name="org.datadriven.OpenTesting" tests="3" time="0.140" ignored="0" failures="0" timestamp="19 Jan 2022 11:19:04 GMT" skipped="0" hostname="LAPTOP-F0RLLNS7" errors="0">
  <testcase name="a2" time="0.136" classname="org.datadriven.OpenTesting"/>
  <testcase name="a3" time="0.003" classname="org.datadriven.OpenTesting"/>
  <testcase name="a1" time="0.001" classname="org.datadriven.OpenTesting"/>
</testsuite> <!-- org.datadriven.OpenTesting -->
